2023-05-16 23:53:41,884 [Worker-3: Loading available Gradle versions] INFO  o.e.b.c.i.u.g.PublishedGradleVersions - Gradle version information cache is up-to-date. Trying to read.
2023-05-16 23:54:09,447 [Worker-4: Importing Maven projects] INFO  o.e.m.c.i.l.LifecycleMappingFactory - Using org.eclipse.m2e.jdt.JarLifecycleMapping lifecycle mapping for MavenProject: com.feuji:cloud-gateway:0.0.1-SNAPSHOT @ C:\Users\DELL\Desktop\git-jenkin-serviceregistery-gateway\cloud-gateway\pom.xml.
2023-05-16 23:54:22,234 [Worker-4: Importing Maven projects] INFO  o.e.m.j.i.AbstractJavaProjectConfigurator - Adding source folder /cloud-gateway/src/main/java
2023-05-16 23:54:22,236 [Worker-4: Importing Maven projects] INFO  o.e.m.j.i.AbstractJavaProjectConfigurator - Adding resource folder /cloud-gateway/src/main/resources
2023-05-16 23:54:22,294 [Worker-4: Importing Maven projects] INFO  o.e.m.j.i.AbstractJavaProjectConfigurator - Adding resource folder /cloud-gateway/src/main/resources
2023-05-16 23:54:22,329 [Worker-4: Importing Maven projects] INFO  o.e.m.j.i.AbstractJavaProjectConfigurator - Adding source folder /cloud-gateway/src/test/java
2023-05-16 23:54:26,503 [Worker-4: Importing Maven projects] INFO  o.e.m.c.i.p.ProjectConfigurationManager - Imported and configured 1 project(s) in 23 sec
2023-05-16 23:54:27,995 [Worker-4: Importing Maven projects] INFO  o.e.m.c.i.l.LifecycleMappingFactory - Using org.eclipse.m2e.jdt.JarLifecycleMapping lifecycle mapping for MavenProject: com.feuji:order-service:0.0.1-SNAPSHOT @ C:\Users\DELL\Desktop\git-jenkin-serviceregistery-gateway\order-service\pom.xml.
2023-05-16 23:54:33,947 [Worker-4: Importing Maven projects] INFO  o.e.m.j.i.AbstractJavaProjectConfigurator - Adding source folder /order-service/src/main/java
2023-05-16 23:54:33,948 [Worker-4: Importing Maven projects] INFO  o.e.m.j.i.AbstractJavaProjectConfigurator - Adding resource folder /order-service/src/main/resources
2023-05-16 23:54:33,962 [Worker-4: Importing Maven projects] INFO  o.e.m.j.i.AbstractJavaProjectConfigurator - Adding resource folder /order-service/src/main/resources
2023-05-16 23:54:33,969 [Worker-4: Importing Maven projects] INFO  o.e.m.j.i.AbstractJavaProjectConfigurator - Adding source folder /order-service/src/test/java
2023-05-16 23:54:34,871 [Worker-4: Importing Maven projects] INFO  o.e.m.c.i.p.ProjectConfigurationManager - Imported and configured 1 project(s) in 7 sec
2023-05-16 23:54:37,114 [Worker-4: Building] INFO  o.e.m.c.i.embedder.EclipseLogger - Using 'UTF-8' encoding to copy filtered resources.
2023-05-16 23:54:37,115 [Worker-4: Building] INFO  o.e.m.c.i.embedder.EclipseLogger - Using 'UTF-8' encoding to copy filtered properties files.
2023-05-16 23:54:37,123 [Worker-4: Building] INFO  o.e.m.c.i.embedder.EclipseLogger - Copying 1 resource
2023-05-16 23:54:37,160 [Worker-4: Building] INFO  o.e.m.c.i.embedder.EclipseLogger - Copying 0 resource
2023-05-16 23:54:37,166 [Worker-4: Building] INFO  o.e.m.c.i.embedder.EclipseLogger - Using 'UTF-8' encoding to copy filtered resources.
2023-05-16 23:54:37,167 [Worker-4: Building] INFO  o.e.m.c.i.embedder.EclipseLogger - Using 'UTF-8' encoding to copy filtered properties files.
2023-05-16 23:54:37,167 [Worker-4: Building] INFO  o.e.m.c.i.embedder.EclipseLogger - skip non existing resourceDirectory C:\Users\DELL\Desktop\git-jenkin-serviceregistery-gateway\cloud-gateway\src\test\resources
2023-05-16 23:54:41,149 [Worker-4: Building] INFO  o.e.m.c.i.embedder.EclipseLogger - Using 'UTF-8' encoding to copy filtered resources.
2023-05-16 23:54:41,150 [Worker-4: Building] INFO  o.e.m.c.i.embedder.EclipseLogger - Using 'UTF-8' encoding to copy filtered properties files.
2023-05-16 23:54:41,151 [Worker-4: Building] INFO  o.e.m.c.i.embedder.EclipseLogger - Copying 1 resource
2023-05-16 23:54:41,181 [Worker-4: Building] INFO  o.e.m.c.i.embedder.EclipseLogger - Copying 0 resource
2023-05-16 23:54:41,188 [Worker-4: Building] INFO  o.e.m.c.i.embedder.EclipseLogger - Using 'UTF-8' encoding to copy filtered resources.
2023-05-16 23:54:41,188 [Worker-4: Building] INFO  o.e.m.c.i.embedder.EclipseLogger - Using 'UTF-8' encoding to copy filtered properties files.
2023-05-16 23:54:41,188 [Worker-4: Building] INFO  o.e.m.c.i.embedder.EclipseLogger - skip non existing resourceDirectory C:\Users\DELL\Desktop\git-jenkin-serviceregistery-gateway\order-service\src\test\resources
2023-05-16 23:54:47,187 [Worker-5: Importing Maven projects] INFO  o.e.m.c.i.l.LifecycleMappingFactory - Using org.eclipse.m2e.jdt.JarLifecycleMapping lifecycle mapping for MavenProject: com.feuji:payment-service:0.0.1-SNAPSHOT @ C:\Users\DELL\Desktop\git-jenkin-serviceregistery-gateway\payment-service\pom.xml.
2023-05-16 23:54:48,773 [Worker-5: Importing Maven projects] INFO  o.e.m.j.i.AbstractJavaProjectConfigurator - Adding source folder /payment-service/src/main/java
2023-05-16 23:54:48,773 [Worker-5: Importing Maven projects] INFO  o.e.m.j.i.AbstractJavaProjectConfigurator - Adding resource folder /payment-service/src/main/resources
2023-05-16 23:54:48,779 [Worker-5: Importing Maven projects] INFO  o.e.m.j.i.AbstractJavaProjectConfigurator - Adding resource folder /payment-service/src/main/resources
2023-05-16 23:54:48,786 [Worker-5: Importing Maven projects] INFO  o.e.m.j.i.AbstractJavaProjectConfigurator - Adding source folder /payment-service/src/test/java
2023-05-16 23:54:49,784 [Worker-5: Importing Maven projects] INFO  o.e.m.c.i.p.ProjectConfigurationManager - Imported and configured 1 project(s) in 3 sec
2023-05-16 23:54:52,215 [Worker-9: Building] INFO  o.e.m.c.i.embedder.EclipseLogger - Using 'UTF-8' encoding to copy filtered resources.
2023-05-16 23:54:52,216 [Worker-9: Building] INFO  o.e.m.c.i.embedder.EclipseLogger - Using 'UTF-8' encoding to copy filtered properties files.
2023-05-16 23:54:52,217 [Worker-9: Building] INFO  o.e.m.c.i.embedder.EclipseLogger - Copying 1 resource
2023-05-16 23:54:52,253 [Worker-9: Building] INFO  o.e.m.c.i.embedder.EclipseLogger - Copying 0 resource
2023-05-16 23:54:52,263 [Worker-9: Building] INFO  o.e.m.c.i.embedder.EclipseLogger - Using 'UTF-8' encoding to copy filtered resources.
2023-05-16 23:54:52,263 [Worker-9: Building] INFO  o.e.m.c.i.embedder.EclipseLogger - Using 'UTF-8' encoding to copy filtered properties files.
2023-05-16 23:54:52,263 [Worker-9: Building] INFO  o.e.m.c.i.embedder.EclipseLogger - skip non existing resourceDirectory C:\Users\DELL\Desktop\git-jenkin-serviceregistery-gateway\payment-service\src\test\resources
2023-05-16 23:55:01,978 [Worker-2: Importing Maven projects] INFO  o.e.m.c.i.l.LifecycleMappingFactory - Using org.eclipse.m2e.jdt.JarLifecycleMapping lifecycle mapping for MavenProject: com.feuji:service-registry:0.0.1-SNAPSHOT @ C:\Users\DELL\Desktop\git-jenkin-serviceregistery-gateway\service-registry\pom.xml.
2023-05-16 23:55:07,506 [Worker-2: Importing Maven projects] INFO  o.e.m.j.i.AbstractJavaProjectConfigurator - Adding source folder /service-registry/src/main/java
2023-05-16 23:55:07,506 [Worker-2: Importing Maven projects] INFO  o.e.m.j.i.AbstractJavaProjectConfigurator - Adding resource folder /service-registry/src/main/resources
2023-05-16 23:55:07,617 [Worker-2: Importing Maven projects] INFO  o.e.m.j.i.AbstractJavaProjectConfigurator - Adding resource folder /service-registry/src/main/resources
2023-05-16 23:55:07,640 [Worker-2: Importing Maven projects] INFO  o.e.m.j.i.AbstractJavaProjectConfigurator - Adding source folder /service-registry/src/test/java
2023-05-16 23:55:09,689 [Worker-2: Importing Maven projects] INFO  o.e.m.c.i.p.ProjectConfigurationManager - Imported and configured 1 project(s) in 8 sec
2023-05-16 23:55:11,317 [Worker-10: Building] INFO  o.e.m.c.i.embedder.EclipseLogger - Using 'UTF-8' encoding to copy filtered resources.
2023-05-16 23:55:11,318 [Worker-10: Building] INFO  o.e.m.c.i.embedder.EclipseLogger - Using 'UTF-8' encoding to copy filtered properties files.
2023-05-16 23:55:11,319 [Worker-10: Building] INFO  o.e.m.c.i.embedder.EclipseLogger - Copying 1 resource
2023-05-16 23:55:11,350 [Worker-10: Building] INFO  o.e.m.c.i.embedder.EclipseLogger - Copying 0 resource
2023-05-16 23:55:11,356 [Worker-10: Building] INFO  o.e.m.c.i.embedder.EclipseLogger - Using 'UTF-8' encoding to copy filtered resources.
2023-05-16 23:55:11,356 [Worker-10: Building] INFO  o.e.m.c.i.embedder.EclipseLogger - Using 'UTF-8' encoding to copy filtered properties files.
2023-05-16 23:55:11,357 [Worker-10: Building] INFO  o.e.m.c.i.embedder.EclipseLogger - skip non existing resourceDirectory C:\Users\DELL\Desktop\git-jenkin-serviceregistery-gateway\service-registry\src\test\resources
2023-05-16 23:56:33,714 [Worker-10: Building] INFO  o.e.m.c.i.embedder.EclipseLogger - Using 'UTF-8' encoding to copy filtered resources.
2023-05-16 23:56:33,714 [Worker-10: Building] INFO  o.e.m.c.i.embedder.EclipseLogger - Using 'UTF-8' encoding to copy filtered properties files.
2023-05-16 23:56:33,720 [Worker-10: Building] INFO  o.e.m.c.i.embedder.EclipseLogger - Copying 0 resource
2023-05-16 23:56:33,721 [Worker-10: Building] INFO  o.e.m.c.i.embedder.EclipseLogger - Copying 0 resource
2023-05-16 23:56:33,733 [Worker-10: Building] INFO  o.e.m.c.i.embedder.EclipseLogger - Using 'UTF-8' encoding to copy filtered resources.
2023-05-16 23:56:33,733 [Worker-10: Building] INFO  o.e.m.c.i.embedder.EclipseLogger - Using 'UTF-8' encoding to copy filtered properties files.
2023-05-16 23:56:33,733 [Worker-10: Building] INFO  o.e.m.c.i.embedder.EclipseLogger - skip non existing resourceDirectory C:\Users\DELL\Desktop\git-jenkin-serviceregistery-gateway\order-service\src\test\resources
2023-05-16 23:56:41,987 [Worker-4: Updating Maven Project] INFO  o.e.m.c.i.p.ProjectConfigurationManager - Update started
2023-05-16 23:56:42,373 [Worker-4: Updating Maven Project] INFO  o.e.m.c.i.l.LifecycleMappingFactory - Using org.eclipse.m2e.jdt.JarLifecycleMapping lifecycle mapping for MavenProject: com.feuji:order-service:0.0.1-SNAPSHOT @ C:\Users\DELL\Desktop\git-jenkin-serviceregistery-gateway\order-service\pom.xml.
2023-05-16 23:56:43,575 [Worker-4: Updating Maven Project] INFO  o.e.m.j.i.AbstractJavaProjectConfigurator - Adding source folder /order-service/src/main/java
2023-05-16 23:56:43,576 [Worker-4: Updating Maven Project] INFO  o.e.m.j.i.AbstractJavaProjectConfigurator - Adding resource folder /order-service/src/main/resources
2023-05-16 23:56:43,581 [Worker-4: Updating Maven Project] INFO  o.e.m.j.i.AbstractJavaProjectConfigurator - Adding resource folder /order-service/src/main/resources
2023-05-16 23:56:43,582 [Worker-4: Updating Maven Project] INFO  o.e.m.j.i.AbstractJavaProjectConfigurator - Adding source folder /order-service/src/test/java
2023-05-16 23:56:44,685 [Worker-4: Updating Maven Project] INFO  o.e.m.c.i.p.ProjectConfigurationManager - Update completed for 1 poms: local refresh takes 0.00 sec, refresh facades takes 1.00 sec, update config takes 0.00 sec 
2023-05-16 23:56:45,525 [Worker-8: Building] INFO  o.e.m.c.i.embedder.EclipseLogger - Using 'UTF-8' encoding to copy filtered resources.
2023-05-16 23:56:45,528 [Worker-8: Building] INFO  o.e.m.c.i.embedder.EclipseLogger - Using 'UTF-8' encoding to copy filtered properties files.
2023-05-16 23:56:45,529 [Worker-8: Building] INFO  o.e.m.c.i.embedder.EclipseLogger - Copying 1 resource
2023-05-16 23:56:45,558 [Worker-8: Building] INFO  o.e.m.c.i.embedder.EclipseLogger - Copying 0 resource
2023-05-16 23:56:45,566 [Worker-8: Building] INFO  o.e.m.c.i.embedder.EclipseLogger - Using 'UTF-8' encoding to copy filtered resources.
2023-05-16 23:56:45,566 [Worker-8: Building] INFO  o.e.m.c.i.embedder.EclipseLogger - Using 'UTF-8' encoding to copy filtered properties files.
2023-05-16 23:56:45,566 [Worker-8: Building] INFO  o.e.m.c.i.embedder.EclipseLogger - skip non existing resourceDirectory C:\Users\DELL\Desktop\git-jenkin-serviceregistery-gateway\order-service\src\test\resources
2023-05-16 23:57:29,434 [Worker-1: Building] INFO  o.e.m.c.i.embedder.EclipseLogger - Using 'UTF-8' encoding to copy filtered resources.
2023-05-16 23:57:29,434 [Worker-1: Building] INFO  o.e.m.c.i.embedder.EclipseLogger - Using 'UTF-8' encoding to copy filtered properties files.
2023-05-16 23:57:29,436 [Worker-1: Building] INFO  o.e.m.c.i.embedder.EclipseLogger - Copying 0 resource
2023-05-16 23:57:29,436 [Worker-1: Building] INFO  o.e.m.c.i.embedder.EclipseLogger - Copying 0 resource
2023-05-16 23:57:29,440 [Worker-1: Building] INFO  o.e.m.c.i.embedder.EclipseLogger - Using 'UTF-8' encoding to copy filtered resources.
2023-05-16 23:57:29,440 [Worker-1: Building] INFO  o.e.m.c.i.embedder.EclipseLogger - Using 'UTF-8' encoding to copy filtered properties files.
2023-05-16 23:57:29,441 [Worker-1: Building] INFO  o.e.m.c.i.embedder.EclipseLogger - skip non existing resourceDirectory C:\Users\DELL\Desktop\git-jenkin-serviceregistery-gateway\order-service\src\test\resources
2023-05-17 13:06:03,339 [Worker-0: Loading available Gradle versions] INFO  o.e.b.c.i.u.g.PublishedGradleVersions - Gradle version information cache is up-to-date. Trying to read.
2023-05-17 13:06:41,227 [Worker-0: Importing Maven projects] INFO  o.e.m.c.i.l.LifecycleMappingFactory - Using org.eclipse.m2e.jdt.JarLifecycleMapping lifecycle mapping for MavenProject: com.feuji:cloud-gateway:0.0.1-SNAPSHOT @ C:\Users\DELL\Desktop\git-jenkin-serviceregistery-gateway\cloud-gateway\cloud-gateway\pom.xml.
2023-05-17 13:06:44,062 [Worker-0: Importing Maven projects] INFO  o.e.m.j.i.AbstractJavaProjectConfigurator - Adding source folder /cloud-gateway/src/main/java
2023-05-17 13:06:44,065 [Worker-0: Importing Maven projects] INFO  o.e.m.j.i.AbstractJavaProjectConfigurator - Adding resource folder /cloud-gateway/src/main/resources
2023-05-17 13:06:44,066 [Worker-0: Importing Maven projects] INFO  o.e.m.j.i.AbstractJavaProjectConfigurator - Adding resource folder /cloud-gateway/src/main/resources
2023-05-17 13:06:44,067 [Worker-0: Importing Maven projects] INFO  o.e.m.j.i.AbstractJavaProjectConfigurator - Adding source folder /cloud-gateway/src/test/java
2023-05-17 13:06:46,860 [Worker-0: Importing Maven projects] INFO  o.e.m.c.i.p.ProjectConfigurationManager - Imported and configured 1 project(s) in 10 sec
2023-05-17 13:06:54,910 [Worker-0: Importing Maven projects] INFO  o.e.m.c.i.l.LifecycleMappingFactory - Using org.eclipse.m2e.jdt.JarLifecycleMapping lifecycle mapping for MavenProject: com.feuji:order-service:0.0.1-SNAPSHOT @ C:\Users\DELL\Desktop\git-jenkin-serviceregistery-gateway\order-service\order-service\pom.xml.
2023-05-17 13:06:55,829 [Worker-0: Importing Maven projects] INFO  o.e.m.j.i.AbstractJavaProjectConfigurator - Adding source folder /order-service/src/main/java
2023-05-17 13:06:55,830 [Worker-0: Importing Maven projects] INFO  o.e.m.j.i.AbstractJavaProjectConfigurator - Adding resource folder /order-service/src/main/resources
2023-05-17 13:06:55,832 [Worker-0: Importing Maven projects] INFO  o.e.m.j.i.AbstractJavaProjectConfigurator - Adding resource folder /order-service/src/main/resources
2023-05-17 13:06:55,835 [Worker-0: Importing Maven projects] INFO  o.e.m.j.i.AbstractJavaProjectConfigurator - Adding source folder /order-service/src/test/java
2023-05-17 13:06:56,991 [Worker-0: Importing Maven projects] INFO  o.e.m.c.i.p.ProjectConfigurationManager - Imported and configured 1 project(s) in 4 sec
2023-05-17 13:07:01,291 [Worker-0: Building] INFO  o.e.m.c.i.embedder.EclipseLogger - Using 'UTF-8' encoding to copy filtered resources.
2023-05-17 13:07:01,291 [Worker-0: Building] INFO  o.e.m.c.i.embedder.EclipseLogger - Using 'UTF-8' encoding to copy filtered properties files.
2023-05-17 13:07:01,298 [Worker-0: Building] INFO  o.e.m.c.i.embedder.EclipseLogger - Copying 2 resources
2023-05-17 13:07:01,438 [Worker-0: Building] INFO  o.e.m.c.i.embedder.EclipseLogger - Copying 1 resource
2023-05-17 13:07:01,453 [Worker-0: Building] INFO  o.e.m.c.i.embedder.EclipseLogger - Using 'UTF-8' encoding to copy filtered resources.
2023-05-17 13:07:01,454 [Worker-0: Building] INFO  o.e.m.c.i.embedder.EclipseLogger - Using 'UTF-8' encoding to copy filtered properties files.
2023-05-17 13:07:01,454 [Worker-0: Building] INFO  o.e.m.c.i.embedder.EclipseLogger - skip non existing resourceDirectory C:\Users\DELL\Desktop\git-jenkin-serviceregistery-gateway\cloud-gateway\cloud-gateway\src\test\resources
2023-05-17 13:07:04,823 [Worker-0: Building] INFO  o.e.m.c.i.embedder.EclipseLogger - Using 'UTF-8' encoding to copy filtered resources.
2023-05-17 13:07:04,823 [Worker-0: Building] INFO  o.e.m.c.i.embedder.EclipseLogger - Using 'UTF-8' encoding to copy filtered properties files.
2023-05-17 13:07:04,824 [Worker-0: Building] INFO  o.e.m.c.i.embedder.EclipseLogger - Copying 2 resources
2023-05-17 13:07:04,864 [Worker-0: Building] INFO  o.e.m.c.i.embedder.EclipseLogger - Copying 0 resource
2023-05-17 13:07:04,871 [Worker-0: Building] INFO  o.e.m.c.i.embedder.EclipseLogger - Using 'UTF-8' encoding to copy filtered resources.
2023-05-17 13:07:04,871 [Worker-0: Building] INFO  o.e.m.c.i.embedder.EclipseLogger - Using 'UTF-8' encoding to copy filtered properties files.
2023-05-17 13:07:04,871 [Worker-0: Building] INFO  o.e.m.c.i.embedder.EclipseLogger - skip non existing resourceDirectory C:\Users\DELL\Desktop\git-jenkin-serviceregistery-gateway\order-service\order-service\src\test\resources
2023-05-17 13:07:11,449 [Worker-5: Importing Maven projects] INFO  o.e.m.c.i.l.LifecycleMappingFactory - Using org.eclipse.m2e.jdt.JarLifecycleMapping lifecycle mapping for MavenProject: com.feuji:payment-service:0.0.1-SNAPSHOT @ C:\Users\DELL\Desktop\git-jenkin-serviceregistery-gateway\payment-service\payment-service\pom.xml.
2023-05-17 13:07:12,209 [Worker-5: Importing Maven projects] INFO  o.e.m.j.i.AbstractJavaProjectConfigurator - Adding source folder /payment-service/src/main/java
2023-05-17 13:07:12,210 [Worker-5: Importing Maven projects] INFO  o.e.m.j.i.AbstractJavaProjectConfigurator - Adding resource folder /payment-service/src/main/resources
2023-05-17 13:07:12,211 [Worker-5: Importing Maven projects] INFO  o.e.m.j.i.AbstractJavaProjectConfigurator - Adding resource folder /payment-service/src/main/resources
2023-05-17 13:07:12,212 [Worker-5: Importing Maven projects] INFO  o.e.m.j.i.AbstractJavaProjectConfigurator - Adding source folder /payment-service/src/test/java
2023-05-17 13:07:13,129 [Worker-5: Importing Maven projects] INFO  o.e.m.c.i.p.ProjectConfigurationManager - Imported and configured 1 project(s) in 4 sec
2023-05-17 13:07:14,295 [Worker-4: Download sources and javadoc] INFO  o.e.m.c.i.e.AbstractTransferListenerAdapter - Downloading https://repo.maven.apache.org/maven2/org/springframework/cloud/spring-cloud-starter-netflix-hystrix/2.2.10.RELEASE/spring-cloud-starter-netflix-hystrix-2.2.10.RELEASE-javadoc.jar
2023-05-17 13:07:14,605 [Worker-4: Download sources and javadoc] INFO  o.e.m.c.i.e.AbstractTransferListenerAdapter - Downloaded https://repo.maven.apache.org/maven2/org/springframework/cloud/spring-cloud-starter-netflix-hystrix/2.2.10.RELEASE/spring-cloud-starter-netflix-hystrix-2.2.10.RELEASE-javadoc.jar
2023-05-17 13:07:14,611 [Worker-4: Download sources and javadoc] INFO  o.e.m.j.internal.DownloadSourcesJob - Downloaded javadoc for org.springframework.cloud:spring-cloud-starter-netflix-hystrix:2.2.10.RELEASE
2023-05-17 13:07:15,806 [Worker-4: Download sources and javadoc] INFO  o.e.m.c.i.e.AbstractTransferListenerAdapter - Downloaded https://repo.maven.apache.org/maven2/org/springframework/cloud/spring-cloud-starter-netflix-archaius/2.2.10.RELEASE/spring-cloud-starter-netflix-archaius-2.2.10.RELEASE-javadoc.jar
2023-05-17 13:07:15,819 [Worker-4: Download sources and javadoc] ERROR o.e.m.j.internal.DownloadSourcesJob - Could not download javadoc for org.springframework.cloud:spring-cloud-starter-netflix-archaius:2.2.10.RELEASE
org.eclipse.core.runtime.CoreException: Could not resolve artifact org.springframework.cloud:spring-cloud-starter-netflix-archaius:jar:javadoc:2.2.10.RELEASE
	at org.eclipse.m2e.core.internal.embedder.MavenImpl.lambda$6(MavenImpl.java:584)
	at org.eclipse.m2e.core.internal.embedder.MavenExecutionContext.executeBare(MavenExecutionContext.java:394)
	at org.eclipse.m2e.core.internal.embedder.MavenExecutionContext.execute(MavenExecutionContext.java:228)
	at org.eclipse.m2e.core.internal.embedder.MavenExecutionContext.execute(MavenExecutionContext.java:214)
	at org.eclipse.m2e.core.internal.embedder.MavenImpl.resolve(MavenImpl.java:553)
	at org.eclipse.m2e.core.internal.embedder.MavenImpl.resolve(MavenImpl.java:538)
	at org.eclipse.m2e.jdt.internal.DownloadSourcesJob.download(DownloadSourcesJob.java:308)
	at org.eclipse.m2e.jdt.internal.DownloadSourcesJob.downloadAttachments(DownloadSourcesJob.java:294)
	at org.eclipse.m2e.jdt.internal.DownloadSourcesJob.downloadMaven(DownloadSourcesJob.java:252)
	at org.eclipse.m2e.jdt.internal.DownloadSourcesJob.downloadFilesAndPopulateToUpdate(DownloadSourcesJob.java:220)
	at org.eclipse.m2e.jdt.internal.DownloadSourcesJob.lambda$0(DownloadSourcesJob.java:149)
	at org.eclipse.m2e.core.internal.embedder.MavenExecutionContext.executeBare(MavenExecutionContext.java:394)
	at org.eclipse.m2e.core.internal.embedder.MavenExecutionContext.execute(MavenExecutionContext.java:275)
	at org.eclipse.m2e.core.internal.embedder.MavenExecutionContext.execute(MavenExecutionContext.java:214)
	at org.eclipse.m2e.core.embedder.IMaven.execute(IMaven.java:294)
	at org.eclipse.m2e.jdt.internal.DownloadSourcesJob.run(DownloadSourcesJob.java:149)
	at org.eclipse.core.internal.jobs.Worker.run(Worker.java:63)
2023-05-17 13:07:17,244 [Worker-9: Building] INFO  o.e.m.c.i.embedder.EclipseLogger - Using 'UTF-8' encoding to copy filtered resources.
2023-05-17 13:07:17,245 [Worker-9: Building] INFO  o.e.m.c.i.embedder.EclipseLogger - Using 'UTF-8' encoding to copy filtered properties files.
2023-05-17 13:07:17,246 [Worker-9: Building] INFO  o.e.m.c.i.embedder.EclipseLogger - Copying 2 resources
2023-05-17 13:07:18,199 [Worker-9: Building] INFO  o.e.m.c.i.embedder.EclipseLogger - Copying 0 resource
2023-05-17 13:07:18,208 [Worker-9: Building] INFO  o.e.m.c.i.embedder.EclipseLogger - Using 'UTF-8' encoding to copy filtered resources.
2023-05-17 13:07:18,208 [Worker-9: Building] INFO  o.e.m.c.i.embedder.EclipseLogger - Using 'UTF-8' encoding to copy filtered properties files.
2023-05-17 13:07:18,209 [Worker-9: Building] INFO  o.e.m.c.i.embedder.EclipseLogger - skip non existing resourceDirectory C:\Users\DELL\Desktop\git-jenkin-serviceregistery-gateway\payment-service\payment-service\src\test\resources
2023-05-17 13:07:23,669 [Worker-3: Importing Maven projects] INFO  o.e.m.c.i.l.LifecycleMappingFactory - Using org.eclipse.m2e.jdt.JarLifecycleMapping lifecycle mapping for MavenProject: com.feuji:service-registry:0.0.1-SNAPSHOT @ C:\Users\DELL\Desktop\git-jenkin-serviceregistery-gateway\service-registry\service-registry\pom.xml.
2023-05-17 13:07:24,531 [Worker-3: Importing Maven projects] INFO  o.e.m.j.i.AbstractJavaProjectConfigurator - Adding source folder /service-registry/src/main/java
2023-05-17 13:07:24,531 [Worker-3: Importing Maven projects] INFO  o.e.m.j.i.AbstractJavaProjectConfigurator - Adding resource folder /service-registry/src/main/resources
2023-05-17 13:07:24,532 [Worker-3: Importing Maven projects] INFO  o.e.m.j.i.AbstractJavaProjectConfigurator - Adding resource folder /service-registry/src/main/resources
2023-05-17 13:07:24,533 [Worker-3: Importing Maven projects] INFO  o.e.m.j.i.AbstractJavaProjectConfigurator - Adding source folder /service-registry/src/test/java
2023-05-17 13:07:26,551 [Worker-3: Importing Maven projects] INFO  o.e.m.c.i.p.ProjectConfigurationManager - Imported and configured 1 project(s) in 5 sec
2023-05-17 13:07:28,312 [Worker-5: Building] INFO  o.e.m.c.i.embedder.EclipseLogger - Using 'UTF-8' encoding to copy filtered resources.
2023-05-17 13:07:28,314 [Worker-5: Building] INFO  o.e.m.c.i.embedder.EclipseLogger - Using 'UTF-8' encoding to copy filtered properties files.
2023-05-17 13:07:28,315 [Worker-5: Building] INFO  o.e.m.c.i.embedder.EclipseLogger - Copying 2 resources
2023-05-17 13:07:28,360 [Worker-5: Building] INFO  o.e.m.c.i.embedder.EclipseLogger - Copying 0 resource
2023-05-17 13:07:28,366 [Worker-5: Building] INFO  o.e.m.c.i.embedder.EclipseLogger - Using 'UTF-8' encoding to copy filtered resources.
2023-05-17 13:07:28,367 [Worker-5: Building] INFO  o.e.m.c.i.embedder.EclipseLogger - Using 'UTF-8' encoding to copy filtered properties files.
2023-05-17 13:07:28,367 [Worker-5: Building] INFO  o.e.m.c.i.embedder.EclipseLogger - skip non existing resourceDirectory C:\Users\DELL\Desktop\git-jenkin-serviceregistery-gateway\service-registry\service-registry\src\test\resources
2023-05-17 13:07:48,356 [Worker-6: Launching Executing install in C__Users_DELL_Desktop_git-jenkin-serviceregistery-gateway_cloud-gateway_cloud-gateway] INFO  o.eclipse.m2e.core.internal.Bundles - getClasspathEntries(Bundle=org.eclipse.m2e.maven.runtime_3.8.701.20230209-1606 [346])
2023-05-17 13:07:48,361 [Worker-6: Launching Executing install in C__Users_DELL_Desktop_git-jenkin-serviceregistery-gateway_cloud-gateway_cloud-gateway] INFO  o.eclipse.m2e.core.internal.Bundles - 	Entry: C:\Users\DELL\Downloads\spring-tool-suite-4-4.18.0.RELEASE-e4.27.0-win32.win32.x86_64.self-extracting\contents\sts-4.18.0.RELEASE\plugins\org.eclipse.m2e.maven.runtime_3.8.701.20230209-1606
2023-05-17 13:07:48,362 [Worker-6: Launching Executing install in C__Users_DELL_Desktop_git-jenkin-serviceregistery-gateway_cloud-gateway_cloud-gateway] INFO  o.eclipse.m2e.core.internal.Bundles - 	Entry: C:\Users\DELL\Downloads\spring-tool-suite-4-4.18.0.RELEASE-e4.27.0-win32.win32.x86_64.self-extracting\contents\sts-4.18.0.RELEASE\plugins\org.eclipse.m2e.maven.runtime_3.8.701.20230209-1606\jars\aether-connector-okhttp-0.17.8.jar
2023-05-17 13:07:48,364 [Worker-6: Launching Executing install in C__Users_DELL_Desktop_git-jenkin-serviceregistery-gateway_cloud-gateway_cloud-gateway] INFO  o.eclipse.m2e.core.internal.Bundles - 	Entry: C:\Users\DELL\Downloads\spring-tool-suite-4-4.18.0.RELEASE-e4.27.0-win32.win32.x86_64.self-extracting\contents\sts-4.18.0.RELEASE\plugins\org.eclipse.m2e.maven.runtime_3.8.701.20230209-1606\jars\commons-lang3-3.8.1.jar
2023-05-17 13:07:48,365 [Worker-6: Launching Executing install in C__Users_DELL_Desktop_git-jenkin-serviceregistery-gateway_cloud-gateway_cloud-gateway] INFO  o.eclipse.m2e.core.internal.Bundles - 	Entry: C:\Users\DELL\Downloads\spring-tool-suite-4-4.18.0.RELEASE-e4.27.0-win32.win32.x86_64.self-extracting\contents\sts-4.18.0.RELEASE\plugins\org.eclipse.m2e.maven.runtime_3.8.701.20230209-1606\jars\guice-4.2.2-no_aop.jar
2023-05-17 13:07:48,365 [Worker-6: Launching Executing install in C__Users_DELL_Desktop_git-jenkin-serviceregistery-gateway_cloud-gateway_cloud-gateway] INFO  o.eclipse.m2e.core.internal.Bundles - 	Entry: C:\Users\DELL\Downloads\spring-tool-suite-4-4.18.0.RELEASE-e4.27.0-win32.win32.x86_64.self-extracting\contents\sts-4.18.0.RELEASE\plugins\org.eclipse.m2e.maven.runtime_3.8.701.20230209-1606\jars\jansi-2.4.0.jar
2023-05-17 13:07:48,366 [Worker-6: Launching Executing install in C__Users_DELL_Desktop_git-jenkin-serviceregistery-gateway_cloud-gateway_cloud-gateway] INFO  o.eclipse.m2e.core.internal.Bundles - 	Entry: C:\Users\DELL\Downloads\spring-tool-suite-4-4.18.0.RELEASE-e4.27.0-win32.win32.x86_64.self-extracting\contents\sts-4.18.0.RELEASE\plugins\org.eclipse.m2e.maven.runtime_3.8.701.20230209-1606\jars\maven-artifact-3.8.7.jar
2023-05-17 13:07:48,366 [Worker-6: Launching Executing install in C__Users_DELL_Desktop_git-jenkin-serviceregistery-gateway_cloud-gateway_cloud-gateway] INFO  o.eclipse.m2e.core.internal.Bundles - 	Entry: C:\Users\DELL\Downloads\spring-tool-suite-4-4.18.0.RELEASE-e4.27.0-win32.win32.x86_64.self-extracting\contents\sts-4.18.0.RELEASE\plugins\org.eclipse.m2e.maven.runtime_3.8.701.20230209-1606\jars\maven-builder-support-3.8.7.jar
2023-05-17 13:07:48,366 [Worker-6: Launching Executing install in C__Users_DELL_Desktop_git-jenkin-serviceregistery-gateway_cloud-gateway_cloud-gateway] INFO  o.eclipse.m2e.core.internal.Bundles - 	Entry: C:\Users\DELL\Downloads\spring-tool-suite-4-4.18.0.RELEASE-e4.27.0-win32.win32.x86_64.self-extracting\contents\sts-4.18.0.RELEASE\plugins\org.eclipse.m2e.maven.runtime_3.8.701.20230209-1606\jars\maven-compat-3.8.7.jar
2023-05-17 13:07:48,367 [Worker-6: Launching Executing install in C__Users_DELL_Desktop_git-jenkin-serviceregistery-gateway_cloud-gateway_cloud-gateway] INFO  o.eclipse.m2e.core.internal.Bundles - 	Entry: C:\Users\DELL\Downloads\spring-tool-suite-4-4.18.0.RELEASE-e4.27.0-win32.win32.x86_64.self-extracting\contents\sts-4.18.0.RELEASE\plugins\org.eclipse.m2e.maven.runtime_3.8.701.20230209-1606\jars\maven-core-3.8.7.jar
2023-05-17 13:07:48,367 [Worker-6: Launching Executing install in C__Users_DELL_Desktop_git-jenkin-serviceregistery-gateway_cloud-gateway_cloud-gateway] INFO  o.eclipse.m2e.core.internal.Bundles - 	Entry: C:\Users\DELL\Downloads\spring-tool-suite-4-4.18.0.RELEASE-e4.27.0-win32.win32.x86_64.self-extracting\contents\sts-4.18.0.RELEASE\plugins\org.eclipse.m2e.maven.runtime_3.8.701.20230209-1606\jars\maven-embedder-3.8.7.jar
2023-05-17 13:07:48,367 [Worker-6: Launching Executing install in C__Users_DELL_Desktop_git-jenkin-serviceregistery-gateway_cloud-gateway_cloud-gateway] INFO  o.eclipse.m2e.core.internal.Bundles - 	Entry: C:\Users\DELL\Downloads\spring-tool-suite-4-4.18.0.RELEASE-e4.27.0-win32.win32.x86_64.self-extracting\contents\sts-4.18.0.RELEASE\plugins\org.eclipse.m2e.maven.runtime_3.8.701.20230209-1606\jars\maven-model-3.8.7.jar
2023-05-17 13:07:48,368 [Worker-6: Launching Executing install in C__Users_DELL_Desktop_git-jenkin-serviceregistery-gateway_cloud-gateway_cloud-gateway] INFO  o.eclipse.m2e.core.internal.Bundles - 	Entry: C:\Users\DELL\Downloads\spring-tool-suite-4-4.18.0.RELEASE-e4.27.0-win32.win32.x86_64.self-extracting\contents\sts-4.18.0.RELEASE\plugins\org.eclipse.m2e.maven.runtime_3.8.701.20230209-1606\jars\maven-model-builder-3.8.7.jar
2023-05-17 13:07:48,368 [Worker-6: Launching Executing install in C__Users_DELL_Desktop_git-jenkin-serviceregistery-gateway_cloud-gateway_cloud-gateway] INFO  o.eclipse.m2e.core.internal.Bundles - 	Entry: C:\Users\DELL\Downloads\spring-tool-suite-4-4.18.0.RELEASE-e4.27.0-win32.win32.x86_64.self-extracting\contents\sts-4.18.0.RELEASE\plugins\org.eclipse.m2e.maven.runtime_3.8.701.20230209-1606\jars\maven-plugin-api-3.8.7.jar
2023-05-17 13:07:48,368 [Worker-6: Launching Executing install in C__Users_DELL_Desktop_git-jenkin-serviceregistery-gateway_cloud-gateway_cloud-gateway] INFO  o.eclipse.m2e.core.internal.Bundles - 	Entry: C:\Users\DELL\Downloads\spring-tool-suite-4-4.18.0.RELEASE-e4.27.0-win32.win32.x86_64.self-extracting\contents\sts-4.18.0.RELEASE\plugins\org.eclipse.m2e.maven.runtime_3.8.701.20230209-1606\jars\maven-repository-metadata-3.8.7.jar
2023-05-17 13:07:48,369 [Worker-6: Launching Executing install in C__Users_DELL_Desktop_git-jenkin-serviceregistery-gateway_cloud-gateway_cloud-gateway] INFO  o.eclipse.m2e.core.internal.Bundles - 	Entry: C:\Users\DELL\Downloads\spring-tool-suite-4-4.18.0.RELEASE-e4.27.0-win32.win32.x86_64.self-extracting\contents\sts-4.18.0.RELEASE\plugins\org.eclipse.m2e.maven.runtime_3.8.701.20230209-1606\jars\maven-resolver-api-1.6.3.jar
2023-05-17 13:07:48,369 [Worker-6: Launching Executing install in C__Users_DELL_Desktop_git-jenkin-serviceregistery-gateway_cloud-gateway_cloud-gateway] INFO  o.eclipse.m2e.core.internal.Bundles - 	Entry: C:\Users\DELL\Downloads\spring-tool-suite-4-4.18.0.RELEASE-e4.27.0-win32.win32.x86_64.self-extracting\contents\sts-4.18.0.RELEASE\plugins\org.eclipse.m2e.maven.runtime_3.8.701.20230209-1606\jars\maven-resolver-connector-basic-1.6.3.jar
2023-05-17 13:07:48,369 [Worker-6: Launching Executing install in C__Users_DELL_Desktop_git-jenkin-serviceregistery-gateway_cloud-gateway_cloud-gateway] INFO  o.eclipse.m2e.core.internal.Bundles - 	Entry: C:\Users\DELL\Downloads\spring-tool-suite-4-4.18.0.RELEASE-e4.27.0-win32.win32.x86_64.self-extracting\contents\sts-4.18.0.RELEASE\plugins\org.eclipse.m2e.maven.runtime_3.8.701.20230209-1606\jars\maven-resolver-impl-1.6.3.jar
2023-05-17 13:07:48,369 [Worker-6: Launching Executing install in C__Users_DELL_Desktop_git-jenkin-serviceregistery-gateway_cloud-gateway_cloud-gateway] INFO  o.eclipse.m2e.core.internal.Bundles - 	Entry: C:\Users\DELL\Downloads\spring-tool-suite-4-4.18.0.RELEASE-e4.27.0-win32.win32.x86_64.self-extracting\contents\sts-4.18.0.RELEASE\plugins\org.eclipse.m2e.maven.runtime_3.8.701.20230209-1606\jars\maven-resolver-provider-3.8.7.jar
2023-05-17 13:07:48,370 [Worker-6: Launching Executing install in C__Users_DELL_Desktop_git-jenkin-serviceregistery-gateway_cloud-gateway_cloud-gateway] INFO  o.eclipse.m2e.core.internal.Bundles - 	Entry: C:\Users\DELL\Downloads\spring-tool-suite-4-4.18.0.RELEASE-e4.27.0-win32.win32.x86_64.self-extracting\contents\sts-4.18.0.RELEASE\plugins\org.eclipse.m2e.maven.runtime_3.8.701.20230209-1606\jars\maven-resolver-spi-1.6.3.jar
2023-05-17 13:07:48,370 [Worker-6: Launching Executing install in C__Users_DELL_Desktop_git-jenkin-serviceregistery-gateway_cloud-gateway_cloud-gateway] INFO  o.eclipse.m2e.core.internal.Bundles - 	Entry: C:\Users\DELL\Downloads\spring-tool-suite-4-4.18.0.RELEASE-e4.27.0-win32.win32.x86_64.self-extracting\contents\sts-4.18.0.RELEASE\plugins\org.eclipse.m2e.maven.runtime_3.8.701.20230209-1606\jars\maven-resolver-transport-wagon-1.6.3.jar
2023-05-17 13:07:48,370 [Worker-6: Launching Executing install in C__Users_DELL_Desktop_git-jenkin-serviceregistery-gateway_cloud-gateway_cloud-gateway] INFO  o.eclipse.m2e.core.internal.Bundles - 	Entry: C:\Users\DELL\Downloads\spring-tool-suite-4-4.18.0.RELEASE-e4.27.0-win32.win32.x86_64.self-extracting\contents\sts-4.18.0.RELEASE\plugins\org.eclipse.m2e.maven.runtime_3.8.701.20230209-1606\jars\maven-resolver-util-1.6.3.jar
2023-05-17 13:07:48,371 [Worker-6: Launching Executing install in C__Users_DELL_Desktop_git-jenkin-serviceregistery-gateway_cloud-gateway_cloud-gateway] INFO  o.eclipse.m2e.core.internal.Bundles - 	Entry: C:\Users\DELL\Downloads\spring-tool-suite-4-4.18.0.RELEASE-e4.27.0-win32.win32.x86_64.self-extracting\contents\sts-4.18.0.RELEASE\plugins\org.eclipse.m2e.maven.runtime_3.8.701.20230209-1606\jars\maven-settings-3.8.7.jar
2023-05-17 13:07:48,371 [Worker-6: Launching Executing install in C__Users_DELL_Desktop_git-jenkin-serviceregistery-gateway_cloud-gateway_cloud-gateway] INFO  o.eclipse.m2e.core.internal.Bundles - 	Entry: C:\Users\DELL\Downloads\spring-tool-suite-4-4.18.0.RELEASE-e4.27.0-win32.win32.x86_64.self-extracting\contents\sts-4.18.0.RELEASE\plugins\org.eclipse.m2e.maven.runtime_3.8.701.20230209-1606\jars\maven-settings-builder-3.8.7.jar
2023-05-17 13:07:48,371 [Worker-6: Launching Executing install in C__Users_DELL_Desktop_git-jenkin-serviceregistery-gateway_cloud-gateway_cloud-gateway] INFO  o.eclipse.m2e.core.internal.Bundles - 	Entry: C:\Users\DELL\Downloads\spring-tool-suite-4-4.18.0.RELEASE-e4.27.0-win32.win32.x86_64.self-extracting\contents\sts-4.18.0.RELEASE\plugins\org.eclipse.m2e.maven.runtime_3.8.701.20230209-1606\jars\maven-shared-utils-3.3.4.jar
2023-05-17 13:07:48,371 [Worker-6: Launching Executing install in C__Users_DELL_Desktop_git-jenkin-serviceregistery-gateway_cloud-gateway_cloud-gateway] INFO  o.eclipse.m2e.core.internal.Bundles - 	Entry: C:\Users\DELL\Downloads\spring-tool-suite-4-4.18.0.RELEASE-e4.27.0-win32.win32.x86_64.self-extracting\contents\sts-4.18.0.RELEASE\plugins\org.eclipse.m2e.maven.runtime_3.8.701.20230209-1606\jars\okhttp-3.14.1.jar
2023-05-17 13:07:48,372 [Worker-6: Launching Executing install in C__Users_DELL_Desktop_git-jenkin-serviceregistery-gateway_cloud-gateway_cloud-gateway] INFO  o.eclipse.m2e.core.internal.Bundles - 	Entry: C:\Users\DELL\Downloads\spring-tool-suite-4-4.18.0.RELEASE-e4.27.0-win32.win32.x86_64.self-extracting\contents\sts-4.18.0.RELEASE\plugins\org.eclipse.m2e.maven.runtime_3.8.701.20230209-1606\jars\okio-1.17.3.jar
2023-05-17 13:07:48,372 [Worker-6: Launching Executing install in C__Users_DELL_Desktop_git-jenkin-serviceregistery-gateway_cloud-gateway_cloud-gateway] INFO  o.eclipse.m2e.core.internal.Bundles - 	Entry: C:\Users\DELL\Downloads\spring-tool-suite-4-4.18.0.RELEASE-e4.27.0-win32.win32.x86_64.self-extracting\contents\sts-4.18.0.RELEASE\plugins\org.eclipse.m2e.maven.runtime_3.8.701.20230209-1606\jars\org.eclipse.sisu.inject-0.3.5.jar
2023-05-17 13:07:48,372 [Worker-6: Launching Executing install in C__Users_DELL_Desktop_git-jenkin-serviceregistery-gateway_cloud-gateway_cloud-gateway] INFO  o.eclipse.m2e.core.internal.Bundles - 	Entry: C:\Users\DELL\Downloads\spring-tool-suite-4-4.18.0.RELEASE-e4.27.0-win32.win32.x86_64.self-extracting\contents\sts-4.18.0.RELEASE\plugins\org.eclipse.m2e.maven.runtime_3.8.701.20230209-1606\jars\org.eclipse.sisu.plexus-0.3.5.jar
2023-05-17 13:07:48,373 [Worker-6: Launching Executing install in C__Users_DELL_Desktop_git-jenkin-serviceregistery-gateway_cloud-gateway_cloud-gateway] INFO  o.eclipse.m2e.core.internal.Bundles - 	Entry: C:\Users\DELL\Downloads\spring-tool-suite-4-4.18.0.RELEASE-e4.27.0-win32.win32.x86_64.self-extracting\contents\sts-4.18.0.RELEASE\plugins\org.eclipse.m2e.maven.runtime_3.8.701.20230209-1606\jars\plexus-build-api-0.0.7.jar
2023-05-17 13:07:48,373 [Worker-6: Launching Executing install in C__Users_DELL_Desktop_git-jenkin-serviceregistery-gateway_cloud-gateway_cloud-gateway] INFO  o.eclipse.m2e.core.internal.Bundles - 	Entry: C:\Users\DELL\Downloads\spring-tool-suite-4-4.18.0.RELEASE-e4.27.0-win32.win32.x86_64.self-extracting\contents\sts-4.18.0.RELEASE\plugins\org.eclipse.m2e.maven.runtime_3.8.701.20230209-1606\jars\plexus-cipher-2.0.jar
2023-05-17 13:07:48,373 [Worker-6: Launching Executing install in C__Users_DELL_Desktop_git-jenkin-serviceregistery-gateway_cloud-gateway_cloud-gateway] INFO  o.eclipse.m2e.core.internal.Bundles - 	Entry: C:\Users\DELL\Downloads\spring-tool-suite-4-4.18.0.RELEASE-e4.27.0-win32.win32.x86_64.self-extracting\contents\sts-4.18.0.RELEASE\plugins\org.eclipse.m2e.maven.runtime_3.8.701.20230209-1606\jars\plexus-classworlds-2.6.0.jar
2023-05-17 13:07:48,373 [Worker-6: Launching Executing install in C__Users_DELL_Desktop_git-jenkin-serviceregistery-gateway_cloud-gateway_cloud-gateway] INFO  o.eclipse.m2e.core.internal.Bundles - 	Entry: C:\Users\DELL\Downloads\spring-tool-suite-4-4.18.0.RELEASE-e4.27.0-win32.win32.x86_64.self-extracting\contents\sts-4.18.0.RELEASE\plugins\org.eclipse.m2e.maven.runtime_3.8.701.20230209-1606\jars\plexus-component-annotations-2.1.0.jar
2023-05-17 13:07:48,374 [Worker-6: Launching Executing install in C__Users_DELL_Desktop_git-jenkin-serviceregistery-gateway_cloud-gateway_cloud-gateway] INFO  o.eclipse.m2e.core.internal.Bundles - 	Entry: C:\Users\DELL\Downloads\spring-tool-suite-4-4.18.0.RELEASE-e4.27.0-win32.win32.x86_64.self-extracting\contents\sts-4.18.0.RELEASE\plugins\org.eclipse.m2e.maven.runtime_3.8.701.20230209-1606\jars\plexus-interpolation-1.26.jar
2023-05-17 13:07:48,375 [Worker-6: Launching Executing install in C__Users_DELL_Desktop_git-jenkin-serviceregistery-gateway_cloud-gateway_cloud-gateway] INFO  o.eclipse.m2e.core.internal.Bundles - 	Entry: C:\Users\DELL\Downloads\spring-tool-suite-4-4.18.0.RELEASE-e4.27.0-win32.win32.x86_64.self-extracting\contents\sts-4.18.0.RELEASE\plugins\org.eclipse.m2e.maven.runtime_3.8.701.20230209-1606\jars\plexus-sec-dispatcher-2.0.jar
2023-05-17 13:07:48,375 [Worker-6: Launching Executing install in C__Users_DELL_Desktop_git-jenkin-serviceregistery-gateway_cloud-gateway_cloud-gateway] INFO  o.eclipse.m2e.core.internal.Bundles - 	Entry: C:\Users\DELL\Downloads\spring-tool-suite-4-4.18.0.RELEASE-e4.27.0-win32.win32.x86_64.self-extracting\contents\sts-4.18.0.RELEASE\plugins\org.eclipse.m2e.maven.runtime_3.8.701.20230209-1606\jars\plexus-utils-3.3.1.jar
2023-05-17 13:07:48,376 [Worker-6: Launching Executing install in C__Users_DELL_Desktop_git-jenkin-serviceregistery-gateway_cloud-gateway_cloud-gateway] INFO  o.eclipse.m2e.core.internal.Bundles - 	Entry: C:\Users\DELL\Downloads\spring-tool-suite-4-4.18.0.RELEASE-e4.27.0-win32.win32.x86_64.self-extracting\contents\sts-4.18.0.RELEASE\plugins\org.eclipse.m2e.maven.runtime_3.8.701.20230209-1606\jars\wagon-file-3.5.3.jar
2023-05-17 13:07:48,376 [Worker-6: Launching Executing install in C__Users_DELL_Desktop_git-jenkin-serviceregistery-gateway_cloud-gateway_cloud-gateway] INFO  o.eclipse.m2e.core.internal.Bundles - 	Entry: C:\Users\DELL\Downloads\spring-tool-suite-4-4.18.0.RELEASE-e4.27.0-win32.win32.x86_64.self-extracting\contents\sts-4.18.0.RELEASE\plugins\org.eclipse.m2e.maven.runtime_3.8.701.20230209-1606\jars\wagon-provider-api-3.5.3.jar
2023-05-17 13:07:48,379 [Worker-6: Launching Executing install in C__Users_DELL_Desktop_git-jenkin-serviceregistery-gateway_cloud-gateway_cloud-gateway] INFO  o.eclipse.m2e.core.internal.Bundles - getClasspathEntries(Bundle=com.google.guava_31.1.0.jre [23])
2023-05-17 13:07:48,381 [Worker-6: Launching Executing install in C__Users_DELL_Desktop_git-jenkin-serviceregistery-gateway_cloud-gateway_cloud-gateway] INFO  o.eclipse.m2e.core.internal.Bundles - 	Entry: C:\Users\DELL\Downloads\spring-tool-suite-4-4.18.0.RELEASE-e4.27.0-win32.win32.x86_64.self-extracting\contents\sts-4.18.0.RELEASE\plugins\com.google.guava_31.1.0.jre.jar
2023-05-17 13:07:48,381 [Worker-6: Launching Executing install in C__Users_DELL_Desktop_git-jenkin-serviceregistery-gateway_cloud-gateway_cloud-gateway] INFO  o.eclipse.m2e.core.internal.Bundles - getClasspathEntries(Bundle=slf4j.api_1.7.36 [580])
2023-05-17 13:07:48,383 [Worker-6: Launching Executing install in C__Users_DELL_Desktop_git-jenkin-serviceregistery-gateway_cloud-gateway_cloud-gateway] INFO  o.eclipse.m2e.core.internal.Bundles - 	Entry: C:\Users\DELL\Downloads\spring-tool-suite-4-4.18.0.RELEASE-e4.27.0-win32.win32.x86_64.self-extracting\contents\sts-4.18.0.RELEASE\plugins\slf4j.api_1.7.36.jar
2023-05-17 13:07:48,384 [Worker-6: Launching Executing install in C__Users_DELL_Desktop_git-jenkin-serviceregistery-gateway_cloud-gateway_cloud-gateway] INFO  o.eclipse.m2e.core.internal.Bundles - getClasspathEntries(Bundle=javax.inject_1.0.0.v20220405-0441 [50])
2023-05-17 13:07:48,386 [Worker-6: Launching Executing install in C__Users_DELL_Desktop_git-jenkin-serviceregistery-gateway_cloud-gateway_cloud-gateway] INFO  o.eclipse.m2e.core.internal.Bundles - 	Entry: C:\Users\DELL\Downloads\spring-tool-suite-4-4.18.0.RELEASE-e4.27.0-win32.win32.x86_64.self-extracting\contents\sts-4.18.0.RELEASE\plugins\javax.inject_1.0.0.v20220405-0441.jar
2023-05-17 13:07:48,386 [Worker-6: Launching Executing install in C__Users_DELL_Desktop_git-jenkin-serviceregistery-gateway_cloud-gateway_cloud-gateway] INFO  o.eclipse.m2e.core.internal.Bundles - getClasspathEntries(Bundle=javax.annotation_1.3.5.v20221203-1659 [48])
2023-05-17 13:07:48,388 [Worker-6: Launching Executing install in C__Users_DELL_Desktop_git-jenkin-serviceregistery-gateway_cloud-gateway_cloud-gateway] INFO  o.eclipse.m2e.core.internal.Bundles - 	Entry: C:\Users\DELL\Downloads\spring-tool-suite-4-4.18.0.RELEASE-e4.27.0-win32.win32.x86_64.self-extracting\contents\sts-4.18.0.RELEASE\plugins\javax.annotation_1.3.5.v20221203-1659.jar
2023-05-17 13:07:48,388 [Worker-6: Launching Executing install in C__Users_DELL_Desktop_git-jenkin-serviceregistery-gateway_cloud-gateway_cloud-gateway] INFO  o.eclipse.m2e.core.internal.Bundles - getClasspathEntries(Bundle=org.apache.commons.cli_1.4.0.v20221112-0806 [73])
2023-05-17 13:07:48,390 [Worker-6: Launching Executing install in C__Users_DELL_Desktop_git-jenkin-serviceregistery-gateway_cloud-gateway_cloud-gateway] INFO  o.eclipse.m2e.core.internal.Bundles - 	Entry: C:\Users\DELL\Downloads\spring-tool-suite-4-4.18.0.RELEASE-e4.27.0-win32.win32.x86_64.self-extracting\contents\sts-4.18.0.RELEASE\plugins\org.apache.commons.cli_1.4.0.v20221112-0806.jar
2023-05-17 13:07:48,390 [Worker-6: Launching Executing install in C__Users_DELL_Desktop_git-jenkin-serviceregistery-gateway_cloud-gateway_cloud-gateway] INFO  o.eclipse.m2e.core.internal.Bundles - getClasspathEntries(Bundle=com.google.guava.failureaccess_1.0.1 [25])
2023-05-17 13:07:48,392 [Worker-6: Launching Executing install in C__Users_DELL_Desktop_git-jenkin-serviceregistery-gateway_cloud-gateway_cloud-gateway] INFO  o.eclipse.m2e.core.internal.Bundles - 	Entry: C:\Users\DELL\Downloads\spring-tool-suite-4-4.18.0.RELEASE-e4.27.0-win32.win32.x86_64.self-extracting\contents\sts-4.18.0.RELEASE\plugins\com.google.guava.failureaccess_1.0.1.jar
2023-05-17 13:07:48,420 [Worker-6: Launching Executing install in C__Users_DELL_Desktop_git-jenkin-serviceregistery-gateway_cloud-gateway_cloud-gateway] INFO  o.e.m.i.launch.MavenLaunchDelegate - Run build in "C:\Users\DELL\Desktop\git-jenkin-serviceregistery-gateway\cloud-gateway\cloud-gateway":
2023-05-17 13:07:48,442 [Worker-6: Launching Executing install in C__Users_DELL_Desktop_git-jenkin-serviceregistery-gateway_cloud-gateway_cloud-gateway] INFO  o.e.m.i.launch.MavenLaunchDelegate -  mvn  -B -Dstyle.color=always install
2023-05-17 13:08:49,418 [Worker-9: Launching Executing install in C__Users_DELL_Desktop_git-jenkin-serviceregistery-gateway_order-service_order-service] INFO  o.e.m.i.launch.MavenLaunchDelegate - Run build in "C:\Users\DELL\Desktop\git-jenkin-serviceregistery-gateway\order-service\order-service":
2023-05-17 13:08:49,419 [Worker-9: Launching Executing install in C__Users_DELL_Desktop_git-jenkin-serviceregistery-gateway_order-service_order-service] INFO  o.e.m.i.launch.MavenLaunchDelegate -  mvn  -B -Dstyle.color=always install
2023-05-17 13:09:26,532 [Worker-10: Launching Executing install in C__Users_DELL_Desktop_git-jenkin-serviceregistery-gateway_payment-service_payment-service] INFO  o.e.m.i.launch.MavenLaunchDelegate - Run build in "C:\Users\DELL\Desktop\git-jenkin-serviceregistery-gateway\payment-service\payment-service":
2023-05-17 13:09:26,533 [Worker-10: Launching Executing install in C__Users_DELL_Desktop_git-jenkin-serviceregistery-gateway_payment-service_payment-service] INFO  o.e.m.i.launch.MavenLaunchDelegate -  mvn  -B -Dstyle.color=always install
